Started GET "/" for 127.0.0.1 at 2018-03-14 22:59:54 -0400
  [1m[35m (0.1ms)[0m  [1m[34mSELECT "schema_migrations"."version" FROM "schema_migrations" ORDER BY "schema_migrations"."version" ASC[0m
Processing by WelcomeController#index as HTML
  Rendering welcome/index.html.erb within layouts/application
  Rendered welcome/index.html.erb within layouts/application (3.8ms)
Completed 200 OK in 566ms (Views: 557.1ms | ActiveRecord: 0.0ms)


Started GET "/users/sign_up" for 127.0.0.1 at 2018-03-14 23:00:00 -0400
Processing by Devise::RegistrationsController#new as HTML
  Rendering devise/registrations/new.html.erb within layouts/application
  Rendered devise/shared/_links.html.erb (1.2ms)
  Rendered devise/registrations/new.html.erb within layouts/application (33.7ms)
Completed 200 OK in 172ms (Views: 62.2ms | ActiveRecord: 2.4ms)


Started GET "/users/sign_up" for 127.0.0.1 at 2018-03-14 23:00:08 -0400
Processing by Devise::RegistrationsController#new as HTML
  Rendering devise/registrations/new.html.erb within layouts/application
  Rendered devise/shared/_links.html.erb (4.3ms)
  Rendered devise/registrations/new.html.erb within layouts/application (39.9ms)
Completed 200 OK in 145ms (Views: 141.5ms | ActiveRecord: 0.0ms)


Started GET "/welcome/positions" for 127.0.0.1 at 2018-03-14 23:00:17 -0400
Processing by WelcomeController#positions as HTML
  Rendering welcome/positions.html.erb
  [1m[36mUser Load (0.7ms)[0m  [1m[34mSELECT "users".* FROM "users" ORDER BY created_at DESC[0m
  Rendered welcome/positions.html.erb (9.3ms)
Completed 200 OK in 19ms (Views: 14.8ms | ActiveRecord: 0.7ms)


Started GET "/welcome/positions" for 127.0.0.1 at 2018-03-14 23:00:17 -0400
Processing by WelcomeController#positions as HTML
  Rendering welcome/positions.html.erb
  [1m[36mUser Load (0.6ms)[0m  [1m[34mSELECT "users".* FROM "users" ORDER BY created_at DESC[0m
  Rendered welcome/positions.html.erb (4.5ms)
Completed 200 OK in 10ms (Views: 7.4ms | ActiveRecord: 0.6ms)


Started GET "/pokedex/quest" for 127.0.0.1 at 2018-03-14 23:00:25 -0400
Processing by PokedexController#quest as HTML
  Rendering pokedex/quest.html.erb within layouts/app
  Rendered pokedex/quest.html.erb within layouts/app (10.1ms)
Completed 200 OK in 112ms (Views: 107.7ms | ActiveRecord: 0.0ms)


Started GET "/pokedex/quest" for 127.0.0.1 at 2018-03-14 23:00:26 -0400
Processing by PokedexController#quest as HTML
  Rendering pokedex/quest.html.erb within layouts/app
  Rendered pokedex/quest.html.erb within layouts/app (3.1ms)
Completed 200 OK in 47ms (Views: 44.8ms | ActiveRecord: 0.0ms)


Started GET "/" for 127.0.0.1 at 2018-03-14 23:00:34 -0400
Processing by WelcomeController#index as HTML
  Rendering welcome/index.html.erb within layouts/application
  Rendered welcome/index.html.erb within layouts/application (4.3ms)
Completed 200 OK in 95ms (Views: 92.6ms | ActiveRecord: 0.0ms)


Started GET "/" for 127.0.0.1 at 2018-03-14 23:00:35 -0400
Processing by WelcomeController#index as HTML
  Rendering welcome/index.html.erb within layouts/application
  Rendered welcome/index.html.erb within layouts/application (3.1ms)
Completed 200 OK in 89ms (Views: 85.3ms | ActiveRecord: 0.0ms)


Started GET "/users/sign_up" for 127.0.0.1 at 2018-03-14 23:00:36 -0400
Processing by Devise::RegistrationsController#new as HTML
  Rendering devise/registrations/new.html.erb within layouts/application
  Rendered devise/shared/_links.html.erb (2.6ms)
  Rendered devise/registrations/new.html.erb within layouts/application (28.5ms)
Completed 200 OK in 116ms (Views: 113.8ms | ActiveRecord: 0.0ms)


Started GET "/welcome/positions" for 127.0.0.1 at 2018-03-14 23:01:40 -0400
Processing by WelcomeController#positions as HTML
  Rendering welcome/positions.html.erb
  [1m[36mUser Load (0.7ms)[0m  [1m[34mSELECT "users".* FROM "users" ORDER BY created_at DESC[0m
  Rendered welcome/positions.html.erb (3.9ms)
Completed 200 OK in 8ms (Views: 5.5ms | ActiveRecord: 0.7ms)


Started GET "/welcome/positions" for 127.0.0.1 at 2018-03-14 23:01:40 -0400
Processing by WelcomeController#positions as HTML
  Rendering welcome/positions.html.erb
  [1m[36mUser Load (0.9ms)[0m  [1m[34mSELECT "users".* FROM "users" ORDER BY created_at DESC[0m
  Rendered welcome/positions.html.erb (4.4ms)
Completed 200 OK in 9ms (Views: 6.5ms | ActiveRecord: 0.9ms)


Started GET "/pokedex/quest" for 127.0.0.1 at 2018-03-14 23:01:55 -0400
Processing by PokedexController#quest as HTML
  Rendering pokedex/quest.html.erb within layouts/app
  Rendered pokedex/quest.html.erb within layouts/app (5.4ms)
Completed 200 OK in 80ms (Views: 77.2ms | ActiveRecord: 0.0ms)


Started GET "/pokedex/quest" for 127.0.0.1 at 2018-03-14 23:01:55 -0400
Processing by PokedexController#quest as HTML
  Rendering pokedex/quest.html.erb within layouts/app
  Rendered pokedex/quest.html.erb within layouts/app (4.8ms)
Completed 200 OK in 65ms (Views: 61.6ms | ActiveRecord: 0.0ms)


Started GET "/" for 127.0.0.1 at 2018-03-14 23:01:56 -0400
Processing by WelcomeController#index as HTML
  Rendering welcome/index.html.erb within layouts/application
  Rendered welcome/index.html.erb within layouts/application (3.2ms)
Completed 200 OK in 89ms (Views: 86.3ms | ActiveRecord: 0.0ms)


Started GET "/" for 127.0.0.1 at 2018-03-14 23:01:56 -0400
Processing by WelcomeController#index as HTML
  Rendering welcome/index.html.erb within layouts/application
  Rendered welcome/index.html.erb within layouts/application (2.4ms)
Completed 200 OK in 68ms (Views: 66.2ms | ActiveRecord: 0.0ms)


Started GET "/users/sign_up" for 127.0.0.1 at 2018-03-14 23:02:02 -0400
Processing by Devise::RegistrationsController#new as HTML
  Rendering devise/registrations/new.html.erb within layouts/application
  Rendered devise/shared/_links.html.erb (3.5ms)
  Rendered devise/registrations/new.html.erb within layouts/application (27.8ms)
Completed 200 OK in 95ms (Views: 92.3ms | ActiveRecord: 0.0ms)


Started GET "/welcome/positions" for 127.0.0.1 at 2018-03-14 23:02:43 -0400
Processing by WelcomeController#positions as HTML
  Rendering welcome/positions.html.erb
  [1m[36mUser Load (0.7ms)[0m  [1m[34mSELECT "users".* FROM "users" ORDER BY created_at DESC[0m
  Rendered welcome/positions.html.erb (3.6ms)
Completed 200 OK in 7ms (Views: 5.2ms | ActiveRecord: 0.7ms)


Started GET "/welcome/positions" for 127.0.0.1 at 2018-03-14 23:02:43 -0400
Processing by WelcomeController#positions as HTML
  Rendering welcome/positions.html.erb
  [1m[36mUser Load (0.7ms)[0m  [1m[34mSELECT "users".* FROM "users" ORDER BY created_at DESC[0m
  Rendered welcome/positions.html.erb (3.9ms)
Completed 200 OK in 9ms (Views: 6.6ms | ActiveRecord: 0.7ms)


Started GET "/" for 127.0.0.1 at 2018-03-14 23:03:36 -0400
Processing by WelcomeController#index as HTML
  Rendering welcome/index.html.erb within layouts/application
  Rendered welcome/index.html.erb within layouts/application (2.9ms)
Completed 200 OK in 76ms (Views: 72.9ms | ActiveRecord: 0.0ms)


Started GET "/users/sign_up" for 127.0.0.1 at 2018-03-14 23:03:39 -0400
Processing by Devise::RegistrationsController#new as HTML
  Rendering devise/registrations/new.html.erb within layouts/application
  Rendered devise/shared/_links.html.erb (2.3ms)
  Rendered devise/registrations/new.html.erb within layouts/application (46.5ms)
Completed 200 OK in 110ms (Views: 107.6ms | ActiveRecord: 0.0ms)


Started GET "/" for 127.0.0.1 at 2018-03-14 23:07:33 -0400
Processing by WelcomeController#comienza as HTML
  Rendering welcome/comienza.html.erb within layouts/application
  Rendered welcome/comienza.html.erb within layouts/application (0.9ms)
Completed 200 OK in 36ms (Views: 28.9ms)


Started GET "/welcome/index" for 127.0.0.1 at 2018-03-14 23:07:35 -0400
Processing by WelcomeController#index as HTML
  Rendering welcome/index.html.erb within layouts/application
  Rendered welcome/index.html.erb within layouts/application (2.5ms)
Completed 200 OK in 80ms (Views: 77.7ms)


Started GET "/users/sign_up" for 127.0.0.1 at 2018-03-14 23:08:00 -0400
Processing by Devise::RegistrationsController#new as HTML
  Rendering devise/registrations/new.html.erb within layouts/application
  Rendered devise/shared/_links.html.erb (2.3ms)
  Rendered devise/registrations/new.html.erb within layouts/application (25.0ms)
Completed 200 OK in 143ms (Views: 93.3ms | ActiveRecord: 3.7ms)


Started GET "/" for 127.0.0.1 at 2018-03-14 23:11:52 -0400
Processing by WelcomeController#comienza as HTML
  Rendering welcome/comienza.html.erb within layouts/application
  Rendered welcome/comienza.html.erb within layouts/application (228.3ms)
Completed 401 Unauthorized in 239ms (ActiveRecord: 0.0ms)


  
ActionView::Template::Error (Asset was not declared to be precompiled in production.
Add `Rails.application.config.assets.precompile += %w( comienza.css )` to `config/initializers/assets.rb` and restart your server):
    1: <head>
    2: 	<h1>Comienza</h1>
    3: 
    4: 	<%= stylesheet_link_tag 'comienza', media: 'all', 'data-turbolinks-track' => true %>
    5: 	<link rel="stylesheet" href="https://maxcdn.bootstrapcdn.com/bootstrap/4.0.0/css/bootstrap.min.css" integrity="sha384-Gn5384xqQ1aoWXA+058RXPxPg6fy4IWvTNh0E263XmFcJlSAwiGgFAW/dAiS6JXm" crossorigin="anonymous">
    6: </head>
    7: 
  
app/views/welcome/comienza.html.erb:4:in `_app_views_welcome_comienza_html_erb___887467293098995327_28884780'
Started GET "/" for 127.0.0.1 at 2018-03-14 23:12:44 -0400
  [1m[35m (0.2ms)[0m  [1m[34mSELECT "schema_migrations"."version" FROM "schema_migrations" ORDER BY "schema_migrations"."version" ASC[0m
Processing by WelcomeController#comienza as HTML
  Rendering welcome/comienza.html.erb within layouts/application
  Rendered welcome/comienza.html.erb within layouts/application (146.3ms)
Completed 401 Unauthorized in 160ms (ActiveRecord: 0.0ms)


  
ActionView::Template::Error (Asset was not declared to be precompiled in production.
Add `Rails.application.config.assets.precompile += %w( comienza.css )` to `config/initializers/assets.rb` and restart your server):
    1: <head>
    2: 	<h1>Comienza</h1>
    3: 
    4: 	<%= stylesheet_link_tag 'comienza', media: 'all', 'data-turbolinks-track' => true %>
    5: 	<link rel="stylesheet" href="https://maxcdn.bootstrapcdn.com/bootstrap/4.0.0/css/bootstrap.min.css" integrity="sha384-Gn5384xqQ1aoWXA+058RXPxPg6fy4IWvTNh0E263XmFcJlSAwiGgFAW/dAiS6JXm" crossorigin="anonymous">
    6: </head>
    7: 
  
app/views/welcome/comienza.html.erb:4:in `_app_views_welcome_comienza_html_erb___1999735445549727258_25534380'
Started GET "/" for 127.0.0.1 at 2018-03-14 23:12:50 -0400
Processing by WelcomeController#comienza as HTML
  Rendering welcome/comienza.html.erb within layouts/application
  Rendered welcome/comienza.html.erb within layouts/application (39.3ms)
Completed 401 Unauthorized in 47ms (ActiveRecord: 0.0ms)


  
ActionView::Template::Error (Asset was not declared to be precompiled in production.
Add `Rails.application.config.assets.precompile += %w( comienza.css )` to `config/initializers/assets.rb` and restart your server):
    1: <head>
    2: 	<h1>Comienza</h1>
    3: 
    4: 	<%= stylesheet_link_tag 'comienza', media: 'all', 'data-turbolinks-track' => true %>
    5: 	<link rel="stylesheet" href="https://maxcdn.bootstrapcdn.com/bootstrap/4.0.0/css/bootstrap.min.css" integrity="sha384-Gn5384xqQ1aoWXA+058RXPxPg6fy4IWvTNh0E263XmFcJlSAwiGgFAW/dAiS6JXm" crossorigin="anonymous">
    6: </head>
    7: 
  
app/views/welcome/comienza.html.erb:4:in `_app_views_welcome_comienza_html_erb___1999735445549727258_37223220'
Started GET "/" for 127.0.0.1 at 2018-03-14 23:14:45 -0400
Processing by WelcomeController#comienza as HTML
  Rendering welcome/comienza.html.erb within layouts/application
  Rendered welcome/comienza.html.erb within layouts/application (12.4ms)
Completed 200 OK in 212ms (Views: 209.4ms | ActiveRecord: 0.0ms)


Started GET "/" for 127.0.0.1 at 2018-03-14 23:15:00 -0400
Processing by WelcomeController#comienza as HTML
  Rendering welcome/comienza.html.erb within layouts/application
  Rendered welcome/comienza.html.erb within layouts/application (10.2ms)
Completed 200 OK in 103ms (Views: 99.5ms | ActiveRecord: 0.0ms)


Started GET "/welcome/index" for 127.0.0.1 at 2018-03-14 23:15:43 -0400
Processing by WelcomeController#index as HTML
  Rendering welcome/index.html.erb within layouts/application
  Rendered welcome/index.html.erb within layouts/application (19.1ms)
Completed 200 OK in 98ms (Views: 95.3ms | ActiveRecord: 0.0ms)


Started GET "/" for 127.0.0.1 at 2018-03-14 23:18:36 -0400
Processing by WelcomeController#comienza as HTML
  Rendering welcome/comienza.html.erb within layouts/application
  Rendered welcome/comienza.html.erb within layouts/application (233.4ms)
Completed 200 OK in 260ms (Views: 257.1ms | ActiveRecord: 0.0ms)


Started GET "/" for 127.0.0.1 at 2018-03-14 23:20:07 -0400
Processing by WelcomeController#comienza as HTML
  Rendering welcome/comienza.html.erb within layouts/application
  Rendered welcome/comienza.html.erb within layouts/application (202.0ms)
Completed 200 OK in 231ms (Views: 228.7ms | ActiveRecord: 0.0ms)


Started GET "/welcome/index" for 127.0.0.1 at 2018-03-14 23:22:06 -0400
Processing by WelcomeController#index as HTML
  Rendering welcome/index.html.erb within layouts/application
  Rendered welcome/index.html.erb within layouts/application (1.5ms)
Completed 200 OK in 33ms (Views: 31.5ms | ActiveRecord: 0.0ms)


Started GET "/users/sign_up" for 127.0.0.1 at 2018-03-14 23:22:08 -0400
Processing by Devise::RegistrationsController#new as HTML
  Rendering devise/registrations/new.html.erb within layouts/application
  Rendered devise/shared/_links.html.erb (0.9ms)
  Rendered devise/registrations/new.html.erb within layouts/application (16.4ms)
Completed 200 OK in 55ms (Views: 35.3ms | ActiveRecord: 1.2ms)


Started GET "/" for 127.0.0.1 at 2018-03-14 23:26:13 -0400
Processing by WelcomeController#comienza as HTML
  Rendering welcome/comienza.html.erb within layouts/application
  Rendered welcome/comienza.html.erb within layouts/application (5.6ms)
Completed 200 OK in 38ms (Views: 35.3ms | ActiveRecord: 0.0ms)


Started GET "/" for 127.0.0.1 at 2018-03-14 23:26:39 -0400
Processing by WelcomeController#comienza as HTML
  Rendering welcome/comienza.html.erb within layouts/application
  Rendered welcome/comienza.html.erb within layouts/application (6.5ms)
Completed 200 OK in 38ms (Views: 35.4ms | ActiveRecord: 0.0ms)


Started GET "/" for 127.0.0.1 at 2018-03-14 23:26:50 -0400
Processing by WelcomeController#comienza as HTML
  Rendering welcome/comienza.html.erb within layouts/application
  Rendered welcome/comienza.html.erb within layouts/application (2.3ms)
Completed 200 OK in 22ms (Views: 21.7ms | ActiveRecord: 0.0ms)


Started GET "/" for 127.0.0.1 at 2018-03-14 23:27:15 -0400
Processing by WelcomeController#comienza as HTML
  Rendering welcome/comienza.html.erb within layouts/application
  Rendered welcome/comienza.html.erb within layouts/application (5.3ms)
Completed 200 OK in 33ms (Views: 29.5ms | ActiveRecord: 0.0ms)


Started GET "/" for 127.0.0.1 at 2018-03-14 23:27:41 -0400
Processing by WelcomeController#comienza as HTML
  Rendering welcome/comienza.html.erb within layouts/application
  Rendered welcome/comienza.html.erb within layouts/application (3.4ms)
Completed 200 OK in 27ms (Views: 25.4ms | ActiveRecord: 0.0ms)


Started GET "/" for 127.0.0.1 at 2018-03-14 23:28:03 -0400
Processing by WelcomeController#comienza as HTML
  Rendering welcome/comienza.html.erb within layouts/application
  Rendered welcome/comienza.html.erb within layouts/application (3.1ms)
Completed 200 OK in 24ms (Views: 22.5ms | ActiveRecord: 0.0ms)


Started GET "/" for 127.0.0.1 at 2018-03-14 23:28:18 -0400
Processing by WelcomeController#comienza as HTML
  Rendering welcome/comienza.html.erb within layouts/application
  Rendered welcome/comienza.html.erb within layouts/application (7.1ms)
Completed 200 OK in 36ms (Views: 33.0ms | ActiveRecord: 0.0ms)


Started GET "/" for 127.0.0.1 at 2018-03-14 23:28:26 -0400
Processing by WelcomeController#comienza as HTML
  Rendering welcome/comienza.html.erb within layouts/application
  Rendered welcome/comienza.html.erb within layouts/application (9.4ms)
Completed 200 OK in 24ms (Views: 23.5ms | ActiveRecord: 0.0ms)


Started GET "/" for 127.0.0.1 at 2018-03-14 23:28:38 -0400
Processing by WelcomeController#comienza as HTML
  Rendering welcome/comienza.html.erb within layouts/application
  Rendered welcome/comienza.html.erb within layouts/application (7.0ms)
Completed 200 OK in 38ms (Views: 35.7ms | ActiveRecord: 0.0ms)


Started GET "/" for 127.0.0.1 at 2018-03-14 23:31:35 -0400
Processing by WelcomeController#comienza as HTML
  Rendering welcome/comienza.html.erb within layouts/application
  Rendered welcome/comienza.html.erb within layouts/application (2.2ms)
Completed 200 OK in 17ms (Views: 16.2ms | ActiveRecord: 0.0ms)


Started GET "/" for 127.0.0.1 at 2018-03-14 23:32:11 -0400
Processing by WelcomeController#comienza as HTML
  Rendering welcome/comienza.html.erb within layouts/application
  Rendered welcome/comienza.html.erb within layouts/application (162.7ms)
Completed 200 OK in 192ms (Views: 189.7ms | ActiveRecord: 0.0ms)


Started GET "/" for 127.0.0.1 at 2018-03-14 23:32:20 -0400
Processing by WelcomeController#comienza as HTML
  Rendering welcome/comienza.html.erb within layouts/application
  Rendered welcome/comienza.html.erb within layouts/application (145.1ms)
Completed 200 OK in 170ms (Views: 168.0ms | ActiveRecord: 0.0ms)


Started GET "/welcome/index" for 127.0.0.1 at 2018-03-14 23:32:22 -0400
Processing by WelcomeController#index as HTML
  Rendering welcome/index.html.erb within layouts/application
  Rendered welcome/index.html.erb within layouts/application (0.8ms)
Completed 200 OK in 20ms (Views: 19.2ms | ActiveRecord: 0.0ms)


Started GET "/welcome/index" for 127.0.0.1 at 2018-03-14 23:32:47 -0400
Processing by WelcomeController#index as HTML
  Rendering welcome/index.html.erb within layouts/application
  Rendered welcome/index.html.erb within layouts/application (0.8ms)
Completed 200 OK in 22ms (Views: 21.0ms | ActiveRecord: 0.0ms)


Started GET "/" for 127.0.0.1 at 2018-03-14 23:32:49 -0400
Processing by WelcomeController#comienza as HTML
  Rendering welcome/comienza.html.erb within layouts/application
  Rendered welcome/comienza.html.erb within layouts/application (6.0ms)
Completed 200 OK in 31ms (Views: 28.4ms | ActiveRecord: 0.0ms)


Started GET "/welcome/index" for 127.0.0.1 at 2018-03-14 23:33:03 -0400
Processing by WelcomeController#index as HTML
  Rendering welcome/index.html.erb within layouts/application
  Rendered welcome/index.html.erb within layouts/application (2.1ms)
Completed 200 OK in 31ms (Views: 29.3ms | ActiveRecord: 0.0ms)


Started GET "/users/sign_up" for 127.0.0.1 at 2018-03-14 23:33:05 -0400
Processing by Devise::RegistrationsController#new as HTML
  Rendering devise/registrations/new.html.erb within layouts/application
  Rendered devise/shared/_links.html.erb (0.9ms)
  Rendered devise/registrations/new.html.erb within layouts/application (7.0ms)
Completed 200 OK in 24ms (Views: 22.8ms | ActiveRecord: 0.0ms)


Started GET "/" for 127.0.0.1 at 2018-03-14 23:33:55 -0400
Processing by WelcomeController#comienza as HTML
  Rendering welcome/comienza.html.erb within layouts/application
  Rendered welcome/comienza.html.erb within layouts/application (146.7ms)
Completed 200 OK in 196ms (Views: 195.5ms | ActiveRecord: 0.0ms)


Started GET "/welcome/index" for 127.0.0.1 at 2018-03-14 23:33:57 -0400
Processing by WelcomeController#index as HTML
  Rendering welcome/index.html.erb within layouts/application
  Rendered welcome/index.html.erb within layouts/application (1.6ms)
Completed 200 OK in 29ms (Views: 26.7ms | ActiveRecord: 0.0ms)


Started GET "/users/sign_up" for 127.0.0.1 at 2018-03-14 23:33:59 -0400
Processing by Devise::RegistrationsController#new as HTML
  Rendering devise/registrations/new.html.erb within layouts/application
  Rendered devise/shared/_links.html.erb (1.5ms)
  Rendered devise/registrations/new.html.erb within layouts/application (17.8ms)
Completed 200 OK in 59ms (Views: 55.3ms | ActiveRecord: 0.0ms)


Started GET "/" for 127.0.0.1 at 2018-03-14 23:34:16 -0400
Processing by WelcomeController#comienza as HTML
  Rendering welcome/comienza.html.erb within layouts/application
  Rendered welcome/comienza.html.erb within layouts/application (144.9ms)
Completed 200 OK in 165ms (Views: 163.9ms | ActiveRecord: 0.0ms)


Started GET "/" for 127.0.0.1 at 2018-03-14 23:34:24 -0400
Processing by WelcomeController#comienza as HTML
  Rendering welcome/comienza.html.erb within layouts/application
  Rendered welcome/comienza.html.erb within layouts/application (134.8ms)
Completed 200 OK in 160ms (Views: 157.2ms | ActiveRecord: 0.0ms)


Started GET "/" for 127.0.0.1 at 2018-03-14 23:34:33 -0400
Processing by WelcomeController#comienza as HTML
  Rendering welcome/comienza.html.erb within layouts/application
  Rendered welcome/comienza.html.erb within layouts/application (148.1ms)
Completed 200 OK in 173ms (Views: 170.7ms | ActiveRecord: 0.0ms)


Started GET "/" for 127.0.0.1 at 2018-03-14 23:35:53 -0400
Processing by WelcomeController#comienza as HTML
  Rendering welcome/comienza.html.erb within layouts/application
  Rendered welcome/comienza.html.erb within layouts/application (2.6ms)
Completed 200 OK in 21ms (Views: 19.6ms | ActiveRecord: 0.0ms)


Started GET "/" for 127.0.0.1 at 2018-03-14 23:36:06 -0400
Processing by WelcomeController#comienza as HTML
  Rendering welcome/comienza.html.erb within layouts/application
  Rendered welcome/comienza.html.erb within layouts/application (7.7ms)
Completed 200 OK in 39ms (Views: 36.1ms | ActiveRecord: 0.0ms)


Started GET "/" for 127.0.0.1 at 2018-03-14 23:36:46 -0400
Processing by WelcomeController#comienza as HTML
  Rendering welcome/comienza.html.erb within layouts/application
  Rendered welcome/comienza.html.erb within layouts/application (144.0ms)
Completed 200 OK in 170ms (Views: 168.9ms | ActiveRecord: 0.0ms)


Started GET "/" for 127.0.0.1 at 2018-03-14 23:37:57 -0400
Processing by WelcomeController#comienza as HTML
  Rendering welcome/comienza.html.erb within layouts/application
  Rendered welcome/comienza.html.erb within layouts/application (150.5ms)
Completed 200 OK in 176ms (Views: 172.8ms | ActiveRecord: 0.0ms)


Started GET "/" for 127.0.0.1 at 2018-03-14 23:38:02 -0400
Processing by WelcomeController#comienza as HTML
  Rendering welcome/comienza.html.erb within layouts/application
  Rendered welcome/comienza.html.erb within layouts/application (141.3ms)
Completed 200 OK in 165ms (Views: 162.3ms | ActiveRecord: 0.0ms)


Started GET "/" for 127.0.0.1 at 2018-03-14 23:45:42 -0400
Processing by WelcomeController#comienza as HTML
  Rendering welcome/comienza.html.erb within layouts/application
  Rendered welcome/comienza.html.erb within layouts/application (149.1ms)
Completed 200 OK in 176ms (Views: 173.7ms | ActiveRecord: 0.0ms)


  
ActionController::RoutingError (No route matches [GET] "/assets/fonts/jackster-productions_pokemon-gb/Pokemon-GB.ttf"):
  
actionpack (5.1.5) lib/action_dispatch/middleware/debug_exceptions.rb:63:in `call'
web-console (3.5.1) lib/web_console/middleware.rb:135:in `call_app'
web-console (3.5.1) lib/web_console/middleware.rb:28:in `block in call'
web-console (3.5.1) lib/web_console/middleware.rb:18:in `catch'
web-console (3.5.1) lib/web_console/middleware.rb:18:in `call'
actionpack (5.1.5) lib/action_dispatch/middleware/show_exceptions.rb:31:in `call'
railties (5.1.5) lib/rails/rack/logger.rb:36:in `call_app'
railties (5.1.5) lib/rails/rack/logger.rb:24:in `block in call'
activesupport (5.1.5) lib/active_support/tagged_logging.rb:69:in `block in tagged'
activesupport (5.1.5) lib/active_support/tagged_logging.rb:26:in `tagged'
activesupport (5.1.5) lib/active_support/tagged_logging.rb:69:in `tagged'
railties (5.1.5) lib/rails/rack/logger.rb:24:in `call'
sprockets-rails (3.2.1) lib/sprockets/rails/quiet_assets.rb:11:in `block in call'
activesupport (5.1.5) lib/active_support/logger_silence.rb:20:in `silence'
activesupport (5.1.5) lib/active_support/logger.rb:63:in `block (3 levels) in broadcast'
activesupport (5.1.5) lib/active_support/logger_silence.rb:20:in `silence'
activesupport (5.1.5) lib/active_support/logger.rb:61:in `block (2 levels) in broadcast'
sprockets-rails (3.2.1) lib/sprockets/rails/quiet_assets.rb:11:in `call'
actionpack (5.1.5) lib/action_dispatch/middleware/remote_ip.rb:79:in `call'
actionpack (5.1.5) lib/action_dispatch/middleware/request_id.rb:25:in `call'
rack (2.0.4) lib/rack/method_override.rb:22:in `call'
rack (2.0.4) lib/rack/runtime.rb:22:in `call'
activesupport (5.1.5) lib/active_support/cache/strategy/local_cache_middleware.rb:27:in `call'
actionpack (5.1.5) lib/action_dispatch/middleware/executor.rb:12:in `call'
actionpack (5.1.5) lib/action_dispatch/middleware/static.rb:125:in `call'
rack (2.0.4) lib/rack/sendfile.rb:111:in `call'
railties (5.1.5) lib/rails/engine.rb:522:in `call'
puma (3.11.3) lib/puma/configuration.rb:225:in `call'
puma (3.11.3) lib/puma/server.rb:624:in `handle_request'
puma (3.11.3) lib/puma/server.rb:438:in `process_client'
puma (3.11.3) lib/puma/server.rb:302:in `block in run'
puma (3.11.3) lib/puma/thread_pool.rb:120:in `block in spawn_thread'
Started GET "/" for 127.0.0.1 at 2018-03-14 23:45:45 -0400
Processing by WelcomeController#comienza as HTML
  Rendering welcome/comienza.html.erb within layouts/application
  Rendered welcome/comienza.html.erb within layouts/application (4.3ms)
Completed 200 OK in 31ms (Views: 28.2ms | ActiveRecord: 0.0ms)


  
ActionController::RoutingError (No route matches [GET] "/assets/fonts/jackster-productions_pokemon-gb/Pokemon-GB.ttf"):
  
actionpack (5.1.5) lib/action_dispatch/middleware/debug_exceptions.rb:63:in `call'
web-console (3.5.1) lib/web_console/middleware.rb:135:in `call_app'
web-console (3.5.1) lib/web_console/middleware.rb:28:in `block in call'
web-console (3.5.1) lib/web_console/middleware.rb:18:in `catch'
web-console (3.5.1) lib/web_console/middleware.rb:18:in `call'
actionpack (5.1.5) lib/action_dispatch/middleware/show_exceptions.rb:31:in `call'
railties (5.1.5) lib/rails/rack/logger.rb:36:in `call_app'
railties (5.1.5) lib/rails/rack/logger.rb:24:in `block in call'
activesupport (5.1.5) lib/active_support/tagged_logging.rb:69:in `block in tagged'
activesupport (5.1.5) lib/active_support/tagged_logging.rb:26:in `tagged'
activesupport (5.1.5) lib/active_support/tagged_logging.rb:69:in `tagged'
railties (5.1.5) lib/rails/rack/logger.rb:24:in `call'
sprockets-rails (3.2.1) lib/sprockets/rails/quiet_assets.rb:11:in `block in call'
activesupport (5.1.5) lib/active_support/logger_silence.rb:20:in `silence'
activesupport (5.1.5) lib/active_support/logger.rb:63:in `block (3 levels) in broadcast'
activesupport (5.1.5) lib/active_support/logger_silence.rb:20:in `silence'
activesupport (5.1.5) lib/active_support/logger.rb:61:in `block (2 levels) in broadcast'
sprockets-rails (3.2.1) lib/sprockets/rails/quiet_assets.rb:11:in `call'
actionpack (5.1.5) lib/action_dispatch/middleware/remote_ip.rb:79:in `call'
actionpack (5.1.5) lib/action_dispatch/middleware/request_id.rb:25:in `call'
rack (2.0.4) lib/rack/method_override.rb:22:in `call'
rack (2.0.4) lib/rack/runtime.rb:22:in `call'
activesupport (5.1.5) lib/active_support/cache/strategy/local_cache_middleware.rb:27:in `call'
actionpack (5.1.5) lib/action_dispatch/middleware/executor.rb:12:in `call'
actionpack (5.1.5) lib/action_dispatch/middleware/static.rb:125:in `call'
rack (2.0.4) lib/rack/sendfile.rb:111:in `call'
railties (5.1.5) lib/rails/engine.rb:522:in `call'
puma (3.11.3) lib/puma/configuration.rb:225:in `call'
puma (3.11.3) lib/puma/server.rb:624:in `handle_request'
puma (3.11.3) lib/puma/server.rb:438:in `process_client'
puma (3.11.3) lib/puma/server.rb:302:in `block in run'
puma (3.11.3) lib/puma/thread_pool.rb:120:in `block in spawn_thread'
Started GET "/" for 127.0.0.1 at 2018-03-14 23:45:46 -0400
Processing by WelcomeController#comienza as HTML
  Rendering welcome/comienza.html.erb within layouts/application
  Rendered welcome/comienza.html.erb within layouts/application (7.1ms)
Completed 200 OK in 40ms (Views: 37.3ms | ActiveRecord: 0.0ms)


  
ActionController::RoutingError (No route matches [GET] "/assets/fonts/jackster-productions_pokemon-gb/Pokemon-GB.ttf"):
  
actionpack (5.1.5) lib/action_dispatch/middleware/debug_exceptions.rb:63:in `call'
web-console (3.5.1) lib/web_console/middleware.rb:135:in `call_app'
web-console (3.5.1) lib/web_console/middleware.rb:28:in `block in call'
web-console (3.5.1) lib/web_console/middleware.rb:18:in `catch'
web-console (3.5.1) lib/web_console/middleware.rb:18:in `call'
actionpack (5.1.5) lib/action_dispatch/middleware/show_exceptions.rb:31:in `call'
railties (5.1.5) lib/rails/rack/logger.rb:36:in `call_app'
railties (5.1.5) lib/rails/rack/logger.rb:24:in `block in call'
activesupport (5.1.5) lib/active_support/tagged_logging.rb:69:in `block in tagged'
activesupport (5.1.5) lib/active_support/tagged_logging.rb:26:in `tagged'
activesupport (5.1.5) lib/active_support/tagged_logging.rb:69:in `tagged'
railties (5.1.5) lib/rails/rack/logger.rb:24:in `call'
sprockets-rails (3.2.1) lib/sprockets/rails/quiet_assets.rb:11:in `block in call'
activesupport (5.1.5) lib/active_support/logger_silence.rb:20:in `silence'
activesupport (5.1.5) lib/active_support/logger.rb:63:in `block (3 levels) in broadcast'
activesupport (5.1.5) lib/active_support/logger_silence.rb:20:in `silence'
activesupport (5.1.5) lib/active_support/logger.rb:61:in `block (2 levels) in broadcast'
sprockets-rails (3.2.1) lib/sprockets/rails/quiet_assets.rb:11:in `call'
actionpack (5.1.5) lib/action_dispatch/middleware/remote_ip.rb:79:in `call'
actionpack (5.1.5) lib/action_dispatch/middleware/request_id.rb:25:in `call'
rack (2.0.4) lib/rack/method_override.rb:22:in `call'
rack (2.0.4) lib/rack/runtime.rb:22:in `call'
activesupport (5.1.5) lib/active_support/cache/strategy/local_cache_middleware.rb:27:in `call'
actionpack (5.1.5) lib/action_dispatch/middleware/executor.rb:12:in `call'
actionpack (5.1.5) lib/action_dispatch/middleware/static.rb:125:in `call'
rack (2.0.4) lib/rack/sendfile.rb:111:in `call'
railties (5.1.5) lib/rails/engine.rb:522:in `call'
puma (3.11.3) lib/puma/configuration.rb:225:in `call'
puma (3.11.3) lib/puma/server.rb:624:in `handle_request'
puma (3.11.3) lib/puma/server.rb:438:in `process_client'
puma (3.11.3) lib/puma/server.rb:302:in `block in run'
puma (3.11.3) lib/puma/thread_pool.rb:120:in `block in spawn_thread'
Started GET "/" for 127.0.0.1 at 2018-03-14 23:46:14 -0400
Processing by WelcomeController#comienza as HTML
  Rendering welcome/comienza.html.erb within layouts/application
  Rendered welcome/comienza.html.erb within layouts/application (142.3ms)
Completed 200 OK in 165ms (Views: 162.4ms | ActiveRecord: 0.0ms)


Started GET "/" for 127.0.0.1 at 2018-03-14 23:46:26 -0400
Processing by WelcomeController#comienza as HTML
  Rendering welcome/comienza.html.erb within layouts/application
  Rendered welcome/comienza.html.erb within layouts/application (139.8ms)
Completed 200 OK in 166ms (Views: 163.6ms | ActiveRecord: 0.0ms)


Started GET "/" for 127.0.0.1 at 2018-03-14 23:47:12 -0400
Processing by WelcomeController#comienza as HTML
  Rendering welcome/comienza.html.erb within layouts/application
  Rendered welcome/comienza.html.erb within layouts/application (148.6ms)
Completed 200 OK in 260ms (Views: 257.4ms | ActiveRecord: 0.0ms)


Started GET "/" for 127.0.0.1 at 2018-03-14 23:47:13 -0400
Processing by WelcomeController#comienza as HTML
  Rendering welcome/comienza.html.erb within layouts/application
  Rendered welcome/comienza.html.erb within layouts/application (6.7ms)
Completed 200 OK in 37ms (Views: 34.6ms | ActiveRecord: 0.0ms)


Started GET "/" for 127.0.0.1 at 2018-03-14 23:47:14 -0400
Processing by WelcomeController#comienza as HTML
  Rendering welcome/comienza.html.erb within layouts/application
  Rendered welcome/comienza.html.erb within layouts/application (6.8ms)
Completed 200 OK in 34ms (Views: 31.4ms | ActiveRecord: 0.0ms)


Started GET "/" for 127.0.0.1 at 2018-03-14 23:47:14 -0400
Processing by WelcomeController#comienza as HTML
  Rendering welcome/comienza.html.erb within layouts/application
  Rendered welcome/comienza.html.erb within layouts/application (2.3ms)
Completed 200 OK in 17ms (Views: 16.4ms | ActiveRecord: 0.0ms)


Started GET "/" for 127.0.0.1 at 2018-03-14 23:47:14 -0400
Processing by WelcomeController#comienza as HTML
  Rendering welcome/comienza.html.erb within layouts/application
  Rendered welcome/comienza.html.erb within layouts/application (5.8ms)
Completed 200 OK in 37ms (Views: 35.6ms | ActiveRecord: 0.0ms)


Started GET "/" for 127.0.0.1 at 2018-03-14 23:47:15 -0400
Processing by WelcomeController#comienza as HTML
  Rendering welcome/comienza.html.erb within layouts/application
  Rendered welcome/comienza.html.erb within layouts/application (8.1ms)
Completed 200 OK in 43ms (Views: 40.5ms | ActiveRecord: 0.0ms)


Started GET "/" for 127.0.0.1 at 2018-03-14 23:47:15 -0400
Processing by WelcomeController#comienza as HTML
  Rendering welcome/comienza.html.erb within layouts/application
  Rendered welcome/comienza.html.erb within layouts/application (1.9ms)
Completed 200 OK in 18ms (Views: 17.5ms | ActiveRecord: 0.0ms)


Started GET "/" for 127.0.0.1 at 2018-03-14 23:47:15 -0400
Processing by WelcomeController#comienza as HTML
  Rendering welcome/comienza.html.erb within layouts/application
  Rendered welcome/comienza.html.erb within layouts/application (2.4ms)
Completed 200 OK in 20ms (Views: 19.3ms | ActiveRecord: 0.0ms)


Started GET "/" for 127.0.0.1 at 2018-03-14 23:47:37 -0400
Processing by WelcomeController#comienza as HTML
  Rendering welcome/comienza.html.erb within layouts/application
  Rendered welcome/comienza.html.erb within layouts/application (5.9ms)
Completed 200 OK in 31ms (Views: 29.0ms | ActiveRecord: 0.0ms)


  
ActionController::RoutingError (No route matches [GET] "/assets/fonts/jackster-productions_pokemon-gb/Pokemon-GB.ttf"):
  
actionpack (5.1.5) lib/action_dispatch/middleware/debug_exceptions.rb:63:in `call'
web-console (3.5.1) lib/web_console/middleware.rb:135:in `call_app'
web-console (3.5.1) lib/web_console/middleware.rb:28:in `block in call'
web-console (3.5.1) lib/web_console/middleware.rb:18:in `catch'
web-console (3.5.1) lib/web_console/middleware.rb:18:in `call'
actionpack (5.1.5) lib/action_dispatch/middleware/show_exceptions.rb:31:in `call'
railties (5.1.5) lib/rails/rack/logger.rb:36:in `call_app'
railties (5.1.5) lib/rails/rack/logger.rb:24:in `block in call'
activesupport (5.1.5) lib/active_support/tagged_logging.rb:69:in `block in tagged'
activesupport (5.1.5) lib/active_support/tagged_logging.rb:26:in `tagged'
activesupport (5.1.5) lib/active_support/tagged_logging.rb:69:in `tagged'
railties (5.1.5) lib/rails/rack/logger.rb:24:in `call'
sprockets-rails (3.2.1) lib/sprockets/rails/quiet_assets.rb:11:in `block in call'
activesupport (5.1.5) lib/active_support/logger_silence.rb:20:in `silence'
activesupport (5.1.5) lib/active_support/logger.rb:63:in `block (3 levels) in broadcast'
activesupport (5.1.5) lib/active_support/logger_silence.rb:20:in `silence'
activesupport (5.1.5) lib/active_support/logger.rb:61:in `block (2 levels) in broadcast'
sprockets-rails (3.2.1) lib/sprockets/rails/quiet_assets.rb:11:in `call'
actionpack (5.1.5) lib/action_dispatch/middleware/remote_ip.rb:79:in `call'
actionpack (5.1.5) lib/action_dispatch/middleware/request_id.rb:25:in `call'
rack (2.0.4) lib/rack/method_override.rb:22:in `call'
rack (2.0.4) lib/rack/runtime.rb:22:in `call'
activesupport (5.1.5) lib/active_support/cache/strategy/local_cache_middleware.rb:27:in `call'
actionpack (5.1.5) lib/action_dispatch/middleware/executor.rb:12:in `call'
actionpack (5.1.5) lib/action_dispatch/middleware/static.rb:125:in `call'
rack (2.0.4) lib/rack/sendfile.rb:111:in `call'
railties (5.1.5) lib/rails/engine.rb:522:in `call'
puma (3.11.3) lib/puma/configuration.rb:225:in `call'
puma (3.11.3) lib/puma/server.rb:624:in `handle_request'
puma (3.11.3) lib/puma/server.rb:438:in `process_client'
puma (3.11.3) lib/puma/server.rb:302:in `block in run'
puma (3.11.3) lib/puma/thread_pool.rb:120:in `block in spawn_thread'
Started GET "/" for 127.0.0.1 at 2018-03-14 23:50:06 -0400
Processing by WelcomeController#comienza as HTML
  Rendering welcome/comienza.html.erb within layouts/application
  Rendered welcome/comienza.html.erb within layouts/application (168.2ms)
Completed 200 OK in 196ms (Views: 193.7ms | ActiveRecord: 0.0ms)


  
ActionController::RoutingError (No route matches [GET] "/assets/Pokemon-GB.ttf"):
  
actionpack (5.1.5) lib/action_dispatch/middleware/debug_exceptions.rb:63:in `call'
web-console (3.5.1) lib/web_console/middleware.rb:135:in `call_app'
web-console (3.5.1) lib/web_console/middleware.rb:28:in `block in call'
web-console (3.5.1) lib/web_console/middleware.rb:18:in `catch'
web-console (3.5.1) lib/web_console/middleware.rb:18:in `call'
actionpack (5.1.5) lib/action_dispatch/middleware/show_exceptions.rb:31:in `call'
railties (5.1.5) lib/rails/rack/logger.rb:36:in `call_app'
railties (5.1.5) lib/rails/rack/logger.rb:24:in `block in call'
activesupport (5.1.5) lib/active_support/tagged_logging.rb:69:in `block in tagged'
activesupport (5.1.5) lib/active_support/tagged_logging.rb:26:in `tagged'
activesupport (5.1.5) lib/active_support/tagged_logging.rb:69:in `tagged'
railties (5.1.5) lib/rails/rack/logger.rb:24:in `call'
sprockets-rails (3.2.1) lib/sprockets/rails/quiet_assets.rb:11:in `block in call'
activesupport (5.1.5) lib/active_support/logger_silence.rb:20:in `silence'
activesupport (5.1.5) lib/active_support/logger.rb:63:in `block (3 levels) in broadcast'
activesupport (5.1.5) lib/active_support/logger_silence.rb:20:in `silence'
activesupport (5.1.5) lib/active_support/logger.rb:61:in `block (2 levels) in broadcast'
sprockets-rails (3.2.1) lib/sprockets/rails/quiet_assets.rb:11:in `call'
actionpack (5.1.5) lib/action_dispatch/middleware/remote_ip.rb:79:in `call'
actionpack (5.1.5) lib/action_dispatch/middleware/request_id.rb:25:in `call'
rack (2.0.4) lib/rack/method_override.rb:22:in `call'
rack (2.0.4) lib/rack/runtime.rb:22:in `call'
activesupport (5.1.5) lib/active_support/cache/strategy/local_cache_middleware.rb:27:in `call'
actionpack (5.1.5) lib/action_dispatch/middleware/executor.rb:12:in `call'
actionpack (5.1.5) lib/action_dispatch/middleware/static.rb:125:in `call'
rack (2.0.4) lib/rack/sendfile.rb:111:in `call'
railties (5.1.5) lib/rails/engine.rb:522:in `call'
puma (3.11.3) lib/puma/configuration.rb:225:in `call'
puma (3.11.3) lib/puma/server.rb:624:in `handle_request'
puma (3.11.3) lib/puma/server.rb:438:in `process_client'
puma (3.11.3) lib/puma/server.rb:302:in `block in run'
puma (3.11.3) lib/puma/thread_pool.rb:120:in `block in spawn_thread'
Started GET "/" for 127.0.0.1 at 2018-03-14 23:50:42 -0400
Processing by WelcomeController#comienza as HTML
  Rendering welcome/comienza.html.erb within layouts/application
  Rendered welcome/comienza.html.erb within layouts/application (148.2ms)
Completed 200 OK in 174ms (Views: 171.1ms | ActiveRecord: 0.0ms)


  
ActionController::RoutingError (No route matches [GET] "/assets/Pokemon-GB.ttf"):
  
actionpack (5.1.5) lib/action_dispatch/middleware/debug_exceptions.rb:63:in `call'
web-console (3.5.1) lib/web_console/middleware.rb:135:in `call_app'
web-console (3.5.1) lib/web_console/middleware.rb:28:in `block in call'
web-console (3.5.1) lib/web_console/middleware.rb:18:in `catch'
web-console (3.5.1) lib/web_console/middleware.rb:18:in `call'
actionpack (5.1.5) lib/action_dispatch/middleware/show_exceptions.rb:31:in `call'
railties (5.1.5) lib/rails/rack/logger.rb:36:in `call_app'
railties (5.1.5) lib/rails/rack/logger.rb:24:in `block in call'
activesupport (5.1.5) lib/active_support/tagged_logging.rb:69:in `block in tagged'
activesupport (5.1.5) lib/active_support/tagged_logging.rb:26:in `tagged'
activesupport (5.1.5) lib/active_support/tagged_logging.rb:69:in `tagged'
railties (5.1.5) lib/rails/rack/logger.rb:24:in `call'
sprockets-rails (3.2.1) lib/sprockets/rails/quiet_assets.rb:11:in `block in call'
activesupport (5.1.5) lib/active_support/logger_silence.rb:20:in `silence'
activesupport (5.1.5) lib/active_support/logger.rb:63:in `block (3 levels) in broadcast'
activesupport (5.1.5) lib/active_support/logger_silence.rb:20:in `silence'
activesupport (5.1.5) lib/active_support/logger.rb:61:in `block (2 levels) in broadcast'
sprockets-rails (3.2.1) lib/sprockets/rails/quiet_assets.rb:11:in `call'
actionpack (5.1.5) lib/action_dispatch/middleware/remote_ip.rb:79:in `call'
actionpack (5.1.5) lib/action_dispatch/middleware/request_id.rb:25:in `call'
rack (2.0.4) lib/rack/method_override.rb:22:in `call'
rack (2.0.4) lib/rack/runtime.rb:22:in `call'
activesupport (5.1.5) lib/active_support/cache/strategy/local_cache_middleware.rb:27:in `call'
actionpack (5.1.5) lib/action_dispatch/middleware/executor.rb:12:in `call'
actionpack (5.1.5) lib/action_dispatch/middleware/static.rb:125:in `call'
rack (2.0.4) lib/rack/sendfile.rb:111:in `call'
railties (5.1.5) lib/rails/engine.rb:522:in `call'
puma (3.11.3) lib/puma/configuration.rb:225:in `call'
puma (3.11.3) lib/puma/server.rb:624:in `handle_request'
puma (3.11.3) lib/puma/server.rb:438:in `process_client'
puma (3.11.3) lib/puma/server.rb:302:in `block in run'
puma (3.11.3) lib/puma/thread_pool.rb:120:in `block in spawn_thread'
Started GET "/" for 127.0.0.1 at 2018-03-14 23:50:58 -0400
Processing by WelcomeController#comienza as HTML
  Rendering welcome/comienza.html.erb within layouts/application
  Rendered welcome/comienza.html.erb within layouts/application (146.4ms)
Completed 200 OK in 170ms (Views: 167.3ms | ActiveRecord: 0.0ms)


  
ActionController::RoutingError (No route matches [GET] "/assets/fonts/jackster-productions_pokemon-gb/Pokemon-GB.ttf"):
  
actionpack (5.1.5) lib/action_dispatch/middleware/debug_exceptions.rb:63:in `call'
web-console (3.5.1) lib/web_console/middleware.rb:135:in `call_app'
web-console (3.5.1) lib/web_console/middleware.rb:28:in `block in call'
web-console (3.5.1) lib/web_console/middleware.rb:18:in `catch'
web-console (3.5.1) lib/web_console/middleware.rb:18:in `call'
actionpack (5.1.5) lib/action_dispatch/middleware/show_exceptions.rb:31:in `call'
railties (5.1.5) lib/rails/rack/logger.rb:36:in `call_app'
railties (5.1.5) lib/rails/rack/logger.rb:24:in `block in call'
activesupport (5.1.5) lib/active_support/tagged_logging.rb:69:in `block in tagged'
activesupport (5.1.5) lib/active_support/tagged_logging.rb:26:in `tagged'
activesupport (5.1.5) lib/active_support/tagged_logging.rb:69:in `tagged'
railties (5.1.5) lib/rails/rack/logger.rb:24:in `call'
sprockets-rails (3.2.1) lib/sprockets/rails/quiet_assets.rb:11:in `block in call'
activesupport (5.1.5) lib/active_support/logger_silence.rb:20:in `silence'
activesupport (5.1.5) lib/active_support/logger.rb:63:in `block (3 levels) in broadcast'
activesupport (5.1.5) lib/active_support/logger_silence.rb:20:in `silence'
activesupport (5.1.5) lib/active_support/logger.rb:61:in `block (2 levels) in broadcast'
sprockets-rails (3.2.1) lib/sprockets/rails/quiet_assets.rb:11:in `call'
actionpack (5.1.5) lib/action_dispatch/middleware/remote_ip.rb:79:in `call'
actionpack (5.1.5) lib/action_dispatch/middleware/request_id.rb:25:in `call'
rack (2.0.4) lib/rack/method_override.rb:22:in `call'
rack (2.0.4) lib/rack/runtime.rb:22:in `call'
activesupport (5.1.5) lib/active_support/cache/strategy/local_cache_middleware.rb:27:in `call'
actionpack (5.1.5) lib/action_dispatch/middleware/executor.rb:12:in `call'
actionpack (5.1.5) lib/action_dispatch/middleware/static.rb:125:in `call'
rack (2.0.4) lib/rack/sendfile.rb:111:in `call'
railties (5.1.5) lib/rails/engine.rb:522:in `call'
puma (3.11.3) lib/puma/configuration.rb:225:in `call'
puma (3.11.3) lib/puma/server.rb:624:in `handle_request'
puma (3.11.3) lib/puma/server.rb:438:in `process_client'
puma (3.11.3) lib/puma/server.rb:302:in `block in run'
puma (3.11.3) lib/puma/thread_pool.rb:120:in `block in spawn_thread'
Started GET "/" for 127.0.0.1 at 2018-03-14 23:53:11 -0400
Processing by WelcomeController#comienza as HTML
  Rendering welcome/comienza.html.erb within layouts/application
  Rendered welcome/comienza.html.erb within layouts/application (143.6ms)
Completed 200 OK in 174ms (Views: 172.1ms | ActiveRecord: 0.0ms)


  
ActionController::RoutingError (No route matches [GET] "/assets/fonts/Pokemon_GB.ttf"):
  
actionpack (5.1.5) lib/action_dispatch/middleware/debug_exceptions.rb:63:in `call'
web-console (3.5.1) lib/web_console/middleware.rb:135:in `call_app'
web-console (3.5.1) lib/web_console/middleware.rb:28:in `block in call'
web-console (3.5.1) lib/web_console/middleware.rb:18:in `catch'
web-console (3.5.1) lib/web_console/middleware.rb:18:in `call'
actionpack (5.1.5) lib/action_dispatch/middleware/show_exceptions.rb:31:in `call'
railties (5.1.5) lib/rails/rack/logger.rb:36:in `call_app'
railties (5.1.5) lib/rails/rack/logger.rb:24:in `block in call'
activesupport (5.1.5) lib/active_support/tagged_logging.rb:69:in `block in tagged'
activesupport (5.1.5) lib/active_support/tagged_logging.rb:26:in `tagged'
activesupport (5.1.5) lib/active_support/tagged_logging.rb:69:in `tagged'
railties (5.1.5) lib/rails/rack/logger.rb:24:in `call'
sprockets-rails (3.2.1) lib/sprockets/rails/quiet_assets.rb:11:in `block in call'
activesupport (5.1.5) lib/active_support/logger_silence.rb:20:in `silence'
activesupport (5.1.5) lib/active_support/logger.rb:63:in `block (3 levels) in broadcast'
activesupport (5.1.5) lib/active_support/logger_silence.rb:20:in `silence'
activesupport (5.1.5) lib/active_support/logger.rb:61:in `block (2 levels) in broadcast'
sprockets-rails (3.2.1) lib/sprockets/rails/quiet_assets.rb:11:in `call'
actionpack (5.1.5) lib/action_dispatch/middleware/remote_ip.rb:79:in `call'
actionpack (5.1.5) lib/action_dispatch/middleware/request_id.rb:25:in `call'
rack (2.0.4) lib/rack/method_override.rb:22:in `call'
rack (2.0.4) lib/rack/runtime.rb:22:in `call'
activesupport (5.1.5) lib/active_support/cache/strategy/local_cache_middleware.rb:27:in `call'
actionpack (5.1.5) lib/action_dispatch/middleware/executor.rb:12:in `call'
actionpack (5.1.5) lib/action_dispatch/middleware/static.rb:125:in `call'
rack (2.0.4) lib/rack/sendfile.rb:111:in `call'
railties (5.1.5) lib/rails/engine.rb:522:in `call'
puma (3.11.3) lib/puma/configuration.rb:225:in `call'
puma (3.11.3) lib/puma/server.rb:624:in `handle_request'
puma (3.11.3) lib/puma/server.rb:438:in `process_client'
puma (3.11.3) lib/puma/server.rb:302:in `block in run'
puma (3.11.3) lib/puma/thread_pool.rb:120:in `block in spawn_thread'
Started GET "/" for 127.0.0.1 at 2018-03-14 23:53:21 -0400
  [1m[35m (0.1ms)[0m  [1m[34mSELECT "schema_migrations"."version" FROM "schema_migrations" ORDER BY "schema_migrations"."version" ASC[0m
Processing by WelcomeController#comienza as HTML
  Rendering welcome/comienza.html.erb within layouts/application
  Rendered welcome/comienza.html.erb within layouts/application (496.0ms)
Completed 200 OK in 537ms (Views: 528.8ms | ActiveRecord: 0.0ms)


  
ActionController::RoutingError (No route matches [GET] "/assets/fonts/Pokemon_GB.ttf"):
  
actionpack (5.1.5) lib/action_dispatch/middleware/debug_exceptions.rb:63:in `call'
web-console (3.5.1) lib/web_console/middleware.rb:135:in `call_app'
web-console (3.5.1) lib/web_console/middleware.rb:28:in `block in call'
web-console (3.5.1) lib/web_console/middleware.rb:18:in `catch'
web-console (3.5.1) lib/web_console/middleware.rb:18:in `call'
actionpack (5.1.5) lib/action_dispatch/middleware/show_exceptions.rb:31:in `call'
railties (5.1.5) lib/rails/rack/logger.rb:36:in `call_app'
railties (5.1.5) lib/rails/rack/logger.rb:24:in `block in call'
activesupport (5.1.5) lib/active_support/tagged_logging.rb:69:in `block in tagged'
activesupport (5.1.5) lib/active_support/tagged_logging.rb:26:in `tagged'
activesupport (5.1.5) lib/active_support/tagged_logging.rb:69:in `tagged'
railties (5.1.5) lib/rails/rack/logger.rb:24:in `call'
sprockets-rails (3.2.1) lib/sprockets/rails/quiet_assets.rb:11:in `block in call'
activesupport (5.1.5) lib/active_support/logger_silence.rb:20:in `silence'
activesupport (5.1.5) lib/active_support/logger.rb:63:in `block (3 levels) in broadcast'
activesupport (5.1.5) lib/active_support/logger_silence.rb:20:in `silence'
activesupport (5.1.5) lib/active_support/logger.rb:61:in `block (2 levels) in broadcast'
sprockets-rails (3.2.1) lib/sprockets/rails/quiet_assets.rb:11:in `call'
actionpack (5.1.5) lib/action_dispatch/middleware/remote_ip.rb:79:in `call'
actionpack (5.1.5) lib/action_dispatch/middleware/request_id.rb:25:in `call'
rack (2.0.4) lib/rack/method_override.rb:22:in `call'
rack (2.0.4) lib/rack/runtime.rb:22:in `call'
activesupport (5.1.5) lib/active_support/cache/strategy/local_cache_middleware.rb:27:in `call'
actionpack (5.1.5) lib/action_dispatch/middleware/executor.rb:12:in `call'
actionpack (5.1.5) lib/action_dispatch/middleware/static.rb:125:in `call'
rack (2.0.4) lib/rack/sendfile.rb:111:in `call'
railties (5.1.5) lib/rails/engine.rb:522:in `call'
puma (3.11.3) lib/puma/configuration.rb:225:in `call'
puma (3.11.3) lib/puma/server.rb:624:in `handle_request'
puma (3.11.3) lib/puma/server.rb:438:in `process_client'
puma (3.11.3) lib/puma/server.rb:302:in `block in run'
puma (3.11.3) lib/puma/thread_pool.rb:120:in `block in spawn_thread'
Started GET "/" for 127.0.0.1 at 2018-03-14 23:54:08 -0400
Processing by WelcomeController#comienza as HTML
  Rendering welcome/comienza.html.erb within layouts/application
  Rendered welcome/comienza.html.erb within layouts/application (160.4ms)
Completed 200 OK in 185ms (Views: 183.7ms | ActiveRecord: 0.0ms)


Started GET "/" for 127.0.0.1 at 2018-03-14 23:54:25 -0400
Processing by WelcomeController#comienza as HTML
  Rendering welcome/comienza.html.erb within layouts/application
  Rendered welcome/comienza.html.erb within layouts/application (96.0ms)
Completed 401 Unauthorized in 105ms (ActiveRecord: 0.0ms)


  
ActionView::Template::Error (Invalid CSS after "  color": expected ";", was ": white;"):
    1: <head>
    2: 	<title>Tarea 3</title>
    3: 
    4: 	<%= stylesheet_link_tag 'signup', media: 'all', 'data-turbolinks-track' => true %>
    5: 	<link rel="stylesheet" href="https://maxcdn.bootstrapcdn.com/bootstrap/4.0.0/css/bootstrap.min.css" integrity="sha384-Gn5384xqQ1aoWXA+058RXPxPg6fy4IWvTNh0E263XmFcJlSAwiGgFAW/dAiS6JXm" crossorigin="anonymous">
    6: </head>
    7: 
  
app/assets/stylesheets/signup.scss:733
app/views/welcome/comienza.html.erb:4:in `_app_views_welcome_comienza_html_erb___1125129315981831491_70153302369500'
Started GET "/" for 127.0.0.1 at 2018-03-14 23:54:32 -0400
Processing by WelcomeController#comienza as HTML
  Rendering welcome/comienza.html.erb within layouts/application
  Rendered welcome/comienza.html.erb within layouts/application (154.1ms)
Completed 200 OK in 182ms (Views: 179.6ms | ActiveRecord: 0.0ms)


Started GET "/" for 127.0.0.1 at 2018-03-14 23:55:04 -0400
Processing by WelcomeController#comienza as HTML
  Rendering welcome/comienza.html.erb within layouts/application
  Rendered welcome/comienza.html.erb within layouts/application (2.0ms)
Completed 200 OK in 17ms (Views: 16.6ms | ActiveRecord: 0.0ms)


Started GET "/" for 127.0.0.1 at 2018-03-14 23:55:17 -0400
Processing by WelcomeController#comienza as HTML
  Rendering welcome/comienza.html.erb within layouts/application
  Rendered welcome/comienza.html.erb within layouts/application (2.5ms)
Completed 200 OK in 34ms (Views: 31.1ms | ActiveRecord: 0.0ms)


Started GET "/welcome/index" for 127.0.0.1 at 2018-03-14 23:55:34 -0400
Processing by WelcomeController#index as HTML
  Rendering welcome/index.html.erb within layouts/application
  Rendered welcome/index.html.erb within layouts/application (5.7ms)
Completed 200 OK in 26ms (Views: 24.8ms | ActiveRecord: 0.0ms)


Started GET "/users/sign_up" for 127.0.0.1 at 2018-03-14 23:55:36 -0400
Processing by Devise::RegistrationsController#new as HTML
  Rendering devise/registrations/new.html.erb within layouts/application
  Rendered devise/shared/_links.html.erb (0.8ms)
  Rendered devise/registrations/new.html.erb within layouts/application (11.9ms)
Completed 200 OK in 56ms (Views: 29.5ms | ActiveRecord: 1.9ms)


Started GET "/" for 127.0.0.1 at 2018-03-14 23:58:25 -0400
Processing by WelcomeController#comienza as HTML
  Rendering welcome/comienza.html.erb within layouts/application
  Rendered welcome/comienza.html.erb within layouts/application (7.1ms)
Completed 200 OK in 40ms (Views: 36.8ms | ActiveRecord: 0.0ms)


Started GET "/" for 127.0.0.1 at 2018-03-14 23:59:11 -0400
Processing by WelcomeController#comienza as HTML
  Rendering welcome/comienza.html.erb within layouts/application
  Rendered welcome/comienza.html.erb within layouts/application (7.2ms)
Completed 200 OK in 37ms (Views: 34.7ms | ActiveRecord: 0.0ms)


Started GET "/" for 127.0.0.1 at 2018-03-15 00:00:03 -0400
Processing by WelcomeController#comienza as HTML
  Rendering welcome/comienza.html.erb within layouts/application
  Rendered welcome/comienza.html.erb within layouts/application (175.8ms)
Completed 200 OK in 215ms (Views: 212.6ms | ActiveRecord: 0.0ms)


Started GET "/" for 127.0.0.1 at 2018-03-15 00:00:26 -0400
Processing by WelcomeController#comienza as HTML
  Rendering welcome/comienza.html.erb within layouts/application
  Rendered welcome/comienza.html.erb within layouts/application (162.9ms)
Completed 200 OK in 190ms (Views: 187.1ms | ActiveRecord: 0.0ms)


Started GET "/" for 127.0.0.1 at 2018-03-15 00:01:29 -0400
Processing by WelcomeController#comienza as HTML
  Rendering welcome/comienza.html.erb within layouts/application
  Rendered welcome/comienza.html.erb within layouts/application (142.2ms)
Completed 200 OK in 169ms (Views: 166.7ms | ActiveRecord: 0.0ms)


Started GET "/welcome/index" for 127.0.0.1 at 2018-03-15 00:01:38 -0400
Processing by WelcomeController#index as HTML
  Rendering welcome/index.html.erb within layouts/application
  Rendered welcome/index.html.erb within layouts/application (1.5ms)
Completed 200 OK in 27ms (Views: 24.9ms | ActiveRecord: 0.0ms)


Started GET "/users/sign_up" for 127.0.0.1 at 2018-03-15 00:01:40 -0400
Processing by Devise::RegistrationsController#new as HTML
  Rendering devise/registrations/new.html.erb within layouts/application
  Rendered devise/shared/_links.html.erb (1.0ms)
  Rendered devise/registrations/new.html.erb within layouts/application (12.5ms)
Completed 200 OK in 40ms (Views: 38.0ms | ActiveRecord: 0.0ms)


Started GET "/welcome/index" for 127.0.0.1 at 2018-03-15 00:02:22 -0400
Processing by WelcomeController#index as HTML
  Rendering welcome/index.html.erb within layouts/application
  Rendered welcome/index.html.erb within layouts/application (1.1ms)
Completed 200 OK in 22ms (Views: 20.9ms | ActiveRecord: 0.0ms)


Started GET "/" for 127.0.0.1 at 2018-03-15 00:02:25 -0400
Processing by WelcomeController#comienza as HTML
  Rendering welcome/comienza.html.erb within layouts/application
  Rendered welcome/comienza.html.erb within layouts/application (5.4ms)
Completed 200 OK in 28ms (Views: 26.0ms | ActiveRecord: 0.0ms)


Started GET "/" for 127.0.0.1 at 2018-03-15 00:02:27 -0400
Processing by WelcomeController#comienza as HTML
  Rendering welcome/comienza.html.erb within layouts/application
  Rendered welcome/comienza.html.erb within layouts/application (5.3ms)
Completed 200 OK in 35ms (Views: 33.1ms | ActiveRecord: 0.0ms)


Started GET "/" for 127.0.0.1 at 2018-03-15 00:02:46 -0400
Processing by WelcomeController#comienza as HTML
  Rendering welcome/comienza.html.erb within layouts/application
  Rendered welcome/comienza.html.erb within layouts/application (6.8ms)
Completed 200 OK in 41ms (Views: 38.7ms | ActiveRecord: 0.0ms)


Started GET "/welcome/index" for 127.0.0.1 at 2018-03-15 00:05:42 -0400
Processing by WelcomeController#index as HTML
  Rendering welcome/index.html.erb within layouts/application
  Rendered welcome/index.html.erb within layouts/application (1.5ms)
Completed 200 OK in 34ms (Views: 32.2ms | ActiveRecord: 0.0ms)


Started GET "/welcome/index" for 127.0.0.1 at 2018-03-15 00:06:06 -0400
Processing by WelcomeController#index as HTML
  Rendering welcome/index.html.erb within layouts/application
  Rendered welcome/index.html.erb within layouts/application (1.8ms)
Completed 200 OK in 30ms (Views: 28.2ms | ActiveRecord: 0.0ms)


Started GET "/" for 127.0.0.1 at 2018-03-15 00:06:08 -0400
Processing by WelcomeController#comienza as HTML
  Rendering welcome/comienza.html.erb within layouts/application
  Rendered welcome/comienza.html.erb within layouts/application (5.0ms)
Completed 200 OK in 31ms (Views: 29.3ms | ActiveRecord: 0.0ms)


Started GET "/welcome/index" for 127.0.0.1 at 2018-03-15 00:06:09 -0400
Processing by WelcomeController#index as HTML
  Rendering welcome/index.html.erb within layouts/application
  Rendered welcome/index.html.erb within layouts/application (3.4ms)
Completed 200 OK in 69ms (Views: 66.4ms | ActiveRecord: 0.0ms)


Started GET "/welcome/index" for 127.0.0.1 at 2018-03-15 00:06:12 -0400
Processing by WelcomeController#index as HTML
  Rendering welcome/index.html.erb within layouts/application
  Rendered welcome/index.html.erb within layouts/application (2.4ms)
Completed 200 OK in 69ms (Views: 66.6ms | ActiveRecord: 0.0ms)


Started GET "/" for 127.0.0.1 at 2018-03-15 00:08:30 -0400
Processing by WelcomeController#comienza as HTML
  Rendering welcome/comienza.html.erb within layouts/application
  Rendered welcome/comienza.html.erb within layouts/application (7.6ms)
Completed 200 OK in 36ms (Views: 34.1ms | ActiveRecord: 0.0ms)


Started GET "/" for 127.0.0.1 at 2018-03-15 00:08:52 -0400
Processing by WelcomeController#comienza as HTML
  Rendering welcome/comienza.html.erb within layouts/application
  Rendered welcome/comienza.html.erb within layouts/application (5.6ms)
Completed 200 OK in 33ms (Views: 30.5ms | ActiveRecord: 0.0ms)


Started GET "/" for 127.0.0.1 at 2018-03-15 00:09:45 -0400
Processing by WelcomeController#comienza as HTML
  Rendering welcome/comienza.html.erb within layouts/application
  Rendered welcome/comienza.html.erb within layouts/application (6.1ms)
Completed 200 OK in 33ms (Views: 31.4ms | ActiveRecord: 0.0ms)


Started GET "/" for 127.0.0.1 at 2018-03-15 00:09:48 -0400
Processing by WelcomeController#comienza as HTML
  Rendering welcome/comienza.html.erb within layouts/application
  Rendered welcome/comienza.html.erb within layouts/application (3.2ms)
Completed 200 OK in 21ms (Views: 20.1ms | ActiveRecord: 0.0ms)


Started GET "/welcome/index" for 127.0.0.1 at 2018-03-15 00:09:49 -0400
Processing by WelcomeController#index as HTML
  Rendering welcome/index.html.erb within layouts/application
  Rendered welcome/index.html.erb within layouts/application (2.5ms)
Completed 200 OK in 77ms (Views: 74.5ms | ActiveRecord: 0.0ms)


Started GET "/" for 127.0.0.1 at 2018-03-15 00:10:16 -0400
Processing by WelcomeController#comienza as HTML
  Rendering welcome/comienza.html.erb within layouts/application
  Rendered welcome/comienza.html.erb within layouts/application (147.8ms)
Completed 200 OK in 175ms (Views: 173.5ms | ActiveRecord: 0.0ms)


Started GET "/" for 127.0.0.1 at 2018-03-15 00:16:34 -0400
Processing by WelcomeController#comienza as HTML
  Rendering welcome/comienza.html.erb within layouts/application
  Rendered welcome/comienza.html.erb within layouts/application (7.6ms)
Completed 200 OK in 38ms (Views: 35.4ms | ActiveRecord: 0.0ms)


Started GET "/welcome/index" for 127.0.0.1 at 2018-03-15 00:16:38 -0400
Processing by WelcomeController#index as HTML
  Rendering welcome/index.html.erb within layouts/application
  Rendered welcome/index.html.erb within layouts/application (1.4ms)
Completed 200 OK in 30ms (Views: 28.3ms | ActiveRecord: 0.0ms)


Started GET "/welcome/index" for 127.0.0.1 at 2018-03-15 00:16:43 -0400
Processing by WelcomeController#index as HTML
  Rendering welcome/index.html.erb within layouts/application
  Rendered welcome/index.html.erb within layouts/application (0.9ms)
Completed 200 OK in 20ms (Views: 19.4ms | ActiveRecord: 0.0ms)


Started GET "/welcome/index" for 127.0.0.1 at 2018-03-15 00:17:24 -0400
Processing by WelcomeController#index as HTML
  Rendering welcome/index.html.erb within layouts/application
  Rendered welcome/index.html.erb within layouts/application (0.8ms)
Completed 200 OK in 31ms (Views: 21.2ms | ActiveRecord: 0.0ms)


Started GET "/welcome/index" for 127.0.0.1 at 2018-03-15 00:17:39 -0400
Processing by WelcomeController#index as HTML
  Rendering welcome/index.html.erb within layouts/application
  Rendered welcome/index.html.erb within layouts/application (1.1ms)
Completed 200 OK in 24ms (Views: 23.0ms | ActiveRecord: 0.0ms)


Started GET "/welcome/index" for 127.0.0.1 at 2018-03-15 00:17:48 -0400
Processing by WelcomeController#index as HTML
  Rendering welcome/index.html.erb within layouts/application
  Rendered welcome/index.html.erb within layouts/application (2.0ms)
Completed 200 OK in 34ms (Views: 32.5ms | ActiveRecord: 0.0ms)


Started GET "/" for 127.0.0.1 at 2018-03-15 00:18:07 -0400
Processing by WelcomeController#comienza as HTML
  Rendering welcome/comienza.html.erb within layouts/application
  Rendered welcome/comienza.html.erb within layouts/application (7.4ms)
Completed 200 OK in 39ms (Views: 36.3ms | ActiveRecord: 0.0ms)


Started GET "/users/sign_up" for 127.0.0.1 at 2018-03-15 00:18:12 -0400
Processing by Devise::RegistrationsController#new as HTML
  Rendering devise/registrations/new.html.erb within layouts/application
  Rendered devise/shared/_links.html.erb (1.2ms)
  Rendered devise/registrations/new.html.erb within layouts/application (13.1ms)
Completed 200 OK in 43ms (Views: 41.6ms | ActiveRecord: 0.0ms)


Started GET "/users/sign_up" for 127.0.0.1 at 2018-03-15 00:18:20 -0400
Processing by Devise::RegistrationsController#new as HTML
  Rendering devise/registrations/new.html.erb within layouts/application
  Rendered devise/shared/_links.html.erb (0.7ms)
  Rendered devise/registrations/new.html.erb within layouts/application (6.7ms)
Completed 200 OK in 26ms (Views: 25.0ms | ActiveRecord: 0.0ms)


Started POST "/users" for 127.0.0.1 at 2018-03-15 00:18:28 -0400
Processing by Devise::RegistrationsController#create as HTML
  Parameters: {"utf8"=>"✓", "authenticity_token"=>"6nykY5HsJH6vycZlYHeMdfpruPkIjtPw5dzpYtmUIAfczgZymcDSuD09mDMinFvCzdwxzS//6yLFJIq0w3+Uaw==", "user"=>{"username"=>"puta", "password"=>"[FILTERED]", "password_confirmation"=>"[FILTERED]"}, "commit"=>"Crear usuario"}
  [1m[35m (0.1ms)[0m  [1m[36mbegin transaction[0m
  [1m[35mSQL (0.3ms)[0m  [1m[32mINSERT INTO "users" ("encrypted_password", "created_at", "updated_at", "username") VALUES (?, ?, ?, ?)[0m  [["encrypted_password", "$2a$11$K15La4FeSka3MYUyZvNHCulAKmRnq5zxbaWyHfhQoU2RmA8IHh9H."], ["created_at", "2018-03-15 04:18:28.520627"], ["updated_at", "2018-03-15 04:18:28.520627"], ["username", "puta"]]
  [1m[35m (165.4ms)[0m  [1m[36mcommit transaction[0m
  [1m[35m (0.2ms)[0m  [1m[36mbegin transaction[0m
  [1m[35mSQL (0.8ms)[0m  [1m[33mUPDATE "users" SET "sign_in_count" = ?, "current_sign_in_at" = ?, "last_sign_in_at" = ?, "current_sign_in_ip" = ?, "last_sign_in_ip" = ?, "updated_at" = ? WHERE "users"."id" = ?[0m  [["sign_in_count", 1], ["current_sign_in_at", "2018-03-15 04:18:28.690986"], ["last_sign_in_at", "2018-03-15 04:18:28.690986"], ["current_sign_in_ip", "127.0.0.1"], ["last_sign_in_ip", "127.0.0.1"], ["updated_at", "2018-03-15 04:18:28.693351"], ["id", 8]]
  [1m[35m (154.3ms)[0m  [1m[36mcommit transaction[0m
Redirected to http://localhost:3000/
Completed 302 Found in 738ms (ActiveRecord: 321.1ms)


Started GET "/" for 127.0.0.1 at 2018-03-15 00:18:28 -0400
Processing by WelcomeController#comienza as HTML
  Rendering welcome/comienza.html.erb within layouts/application
  Rendered welcome/comienza.html.erb within layouts/application (3.4ms)
Completed 200 OK in 25ms (Views: 23.6ms | ActiveRecord: 0.0ms)


Started GET "/welcome/index" for 127.0.0.1 at 2018-03-15 00:18:49 -0400
Processing by WelcomeController#index as HTML
  Rendering welcome/index.html.erb within layouts/application
  [1m[36mUser Load (0.3ms)[0m  [1m[34mSELECT  "users".* FROM "users" WHERE "users"."id" = ? ORDER BY "users"."id" ASC LIMIT ?[0m  [["id", 8], ["LIMIT", 1]]
  Rendered welcome/index.html.erb within layouts/application (6.2ms)
Completed 200 OK in 31ms (Views: 28.2ms | ActiveRecord: 0.3ms)


Started DELETE "/users/sign_out" for 127.0.0.1 at 2018-03-15 00:18:51 -0400
Processing by Devise::SessionsController#destroy as HTML
  Parameters: {"authenticity_token"=>"CA39dblvxy9IweWxiaJRnEmNoqc6GO24f4RwhaLtxEw+v19ksUMx6do1u+fLSYYrfjorkx1p1WpffBNTuAZwIA=="}
  [1m[36mUser Load (0.2ms)[0m  [1m[34mSELECT  "users".* FROM "users" WHERE "users"."id" = ? ORDER BY "users"."id" ASC LIMIT ?[0m  [["id", 8], ["LIMIT", 1]]
  [1m[35m (0.1ms)[0m  [1m[36mbegin transaction[0m
  [1m[35m (0.0ms)[0m  [1m[36mcommit transaction[0m
Redirected to http://localhost:3000/
Completed 302 Found in 26ms (ActiveRecord: 0.3ms)


Started GET "/" for 127.0.0.1 at 2018-03-15 00:18:51 -0400
Processing by WelcomeController#comienza as HTML
  Rendering welcome/comienza.html.erb within layouts/application
  Rendered welcome/comienza.html.erb within layouts/application (2.5ms)
Completed 200 OK in 19ms (Views: 17.9ms | ActiveRecord: 0.0ms)


Started GET "/users/sign_up" for 127.0.0.1 at 2018-03-15 00:18:59 -0400
Processing by Devise::RegistrationsController#new as HTML
  Rendering devise/registrations/new.html.erb within layouts/application
  Rendered devise/shared/_links.html.erb (0.9ms)
  Rendered devise/registrations/new.html.erb within layouts/application (8.5ms)
Completed 200 OK in 30ms (Views: 28.7ms | ActiveRecord: 0.0ms)


Started GET "/" for 127.0.0.1 at 2018-03-15 00:19:04 -0400
Processing by WelcomeController#comienza as HTML
  Rendering welcome/comienza.html.erb within layouts/application
  Rendered welcome/comienza.html.erb within layouts/application (4.7ms)
Completed 200 OK in 30ms (Views: 29.0ms | ActiveRecord: 0.0ms)


Started GET "/welcome/index" for 127.0.0.1 at 2018-03-15 00:19:07 -0400
Processing by WelcomeController#index as HTML
  Rendering welcome/index.html.erb within layouts/application
  Rendered welcome/index.html.erb within layouts/application (3.6ms)
Completed 200 OK in 83ms (Views: 80.0ms | ActiveRecord: 0.0ms)


